[0.403s] Invoking command in '/home/dragonfly/ros2_ws/src/talker_listener': PYTHONPATH=/home/dragonfly/ros2_ws/build/talker_listener/prefix_override:/home/dragonfly/ros2_ws/install/talker_listener/lib/python3.10/site-packages:${PYTHONPATH} /usr/bin/python3 setup.py egg_info --egg-base ../../build/talker_listener build --build-base /home/dragonfly/ros2_ws/build/talker_listener/build install --record /home/dragonfly/ros2_ws/build/talker_listener/install.log --single-version-externally-managed
[0.556s] running egg_info
[0.556s] creating ../../build/talker_listener/talker_listener.egg-info
[0.557s] writing ../../build/talker_listener/talker_listener.egg-info/PKG-INFO
[0.557s] writing dependency_links to ../../build/talker_listener/talker_listener.egg-info/dependency_links.txt
[0.557s] writing entry points to ../../build/talker_listener/talker_listener.egg-info/entry_points.txt
[0.557s] writing requirements to ../../build/talker_listener/talker_listener.egg-info/requires.txt
[0.557s] writing top-level names to ../../build/talker_listener/talker_listener.egg-info/top_level.txt
[0.557s] writing manifest file '../../build/talker_listener/talker_listener.egg-info/SOURCES.txt'
[0.558s] reading manifest file '../../build/talker_listener/talker_listener.egg-info/SOURCES.txt'
[0.559s] writing manifest file '../../build/talker_listener/talker_listener.egg-info/SOURCES.txt'
[0.559s] running build
[0.559s] running build_py
[0.559s] creating /home/dragonfly/ros2_ws/build/talker_listener/build
[0.559s] creating /home/dragonfly/ros2_ws/build/talker_listener/build/lib
[0.559s] creating /home/dragonfly/ros2_ws/build/talker_listener/build/lib/talker_listener
[0.559s] copying talker_listener/__init__.py -> /home/dragonfly/ros2_ws/build/talker_listener/build/lib/talker_listener
[0.559s] copying talker_listener/talker_node.py -> /home/dragonfly/ros2_ws/build/talker_listener/build/lib/talker_listener
[0.559s] running install
[0.559s] /usr/lib/python3/dist-packages/setuptools/command/install.py:34: SetuptoolsDeprecationWarning: setup.py install is deprecated. Use build and pip and other standards-based tools.
[0.559s]   warnings.warn(
[0.560s] running install_lib
[0.560s] creating /home/dragonfly/ros2_ws/install/talker_listener/lib/python3.10/site-packages/talker_listener
[0.560s] copying /home/dragonfly/ros2_ws/build/talker_listener/build/lib/talker_listener/__init__.py -> /home/dragonfly/ros2_ws/install/talker_listener/lib/python3.10/site-packages/talker_listener
[0.560s] copying /home/dragonfly/ros2_ws/build/talker_listener/build/lib/talker_listener/talker_node.py -> /home/dragonfly/ros2_ws/install/talker_listener/lib/python3.10/site-packages/talker_listener
[0.561s] byte-compiling /home/dragonfly/ros2_ws/install/talker_listener/lib/python3.10/site-packages/talker_listener/__init__.py to __init__.cpython-310.pyc
[0.561s] byte-compiling /home/dragonfly/ros2_ws/install/talker_listener/lib/python3.10/site-packages/talker_listener/talker_node.py to talker_node.cpython-310.pyc
[0.561s] running install_data
[0.561s] creating /home/dragonfly/ros2_ws/install/talker_listener/share/ament_index
[0.562s] creating /home/dragonfly/ros2_ws/install/talker_listener/share/ament_index/resource_index
[0.562s] creating /home/dragonfly/ros2_ws/install/talker_listener/share/ament_index/resource_index/packages
[0.562s] copying resource/talker_listener -> /home/dragonfly/ros2_ws/install/talker_listener/share/ament_index/resource_index/packages
[0.562s] copying package.xml -> /home/dragonfly/ros2_ws/install/talker_listener/share/talker_listener
[0.562s] running install_egg_info
[0.563s] Copying ../../build/talker_listener/talker_listener.egg-info to /home/dragonfly/ros2_ws/install/talker_listener/lib/python3.10/site-packages/talker_listener-0.0.0-py3.10.egg-info
[0.563s] running install_scripts
[0.577s] Installing talkerNode script to /home/dragonfly/ros2_ws/install/talker_listener/lib/talker_listener
[0.577s] writing list of installed files to '/home/dragonfly/ros2_ws/build/talker_listener/install.log'
[0.592s] Invoked command in '/home/dragonfly/ros2_ws/src/talker_listener' returned '0': PYTHONPATH=/home/dragonfly/ros2_ws/build/talker_listener/prefix_override:/home/dragonfly/ros2_ws/install/talker_listener/lib/python3.10/site-packages:${PYTHONPATH} /usr/bin/python3 setup.py egg_info --egg-base ../../build/talker_listener build --build-base /home/dragonfly/ros2_ws/build/talker_listener/build install --record /home/dragonfly/ros2_ws/build/talker_listener/install.log --single-version-externally-managed
