[0.237s] DEBUG:colcon:Command line arguments: ['/usr/bin/colcon', 'build']
[0.237s] DEBUG:colcon:Parsed command line arguments: Namespace(log_base=None, log_level=None, verb_name='build', build_base='build', install_base='install', merge_install=False, symlink_install=False, test_result_base=None, continue_on_error=False, executor='parallel', parallel_workers=8, event_handlers=None, ignore_user_meta=False, metas=['./colcon.meta'], base_paths=['.'], packages_ignore=None, packages_ignore_regex=None, paths=None, packages_up_to=None, packages_up_to_regex=None, packages_above=None, packages_above_and_dependencies=None, packages_above_depth=None, packages_select_by_dep=None, packages_skip_by_dep=None, packages_skip_up_to=None, packages_select_build_failed=False, packages_skip_build_finished=False, packages_select_test_failures=False, packages_skip_test_passed=False, packages_select=None, packages_skip=None, packages_select_regex=None, packages_skip_regex=None, packages_start=None, packages_end=None, allow_overriding=[], cmake_args=None, cmake_target=None, cmake_target_skip_unavailable=False, cmake_clean_cache=False, cmake_clean_first=False, cmake_force_configure=False, ament_cmake_args=None, catkin_cmake_args=None, catkin_skip_building_tests=False, verb_parser=<colcon_defaults.argument_parser.defaults.DefaultArgumentsDecorator object at 0x7f7a091b9d20>, verb_extension=<colcon_core.verb.build.BuildVerb object at 0x7f7a091b97b0>, main=<bound method BuildVerb.main of <colcon_core.verb.build.BuildVerb object at 0x7f7a091b97b0>>)
[0.254s] Level 1:colcon.colcon_core.package_discovery:discover_packages(colcon_meta) check parameters
[0.254s] Level 1:colcon.colcon_core.package_discovery:discover_packages(recursive) check parameters
[0.254s] Level 1:colcon.colcon_core.package_discovery:discover_packages(ignore) check parameters
[0.254s] Level 1:colcon.colcon_core.package_discovery:discover_packages(path) check parameters
[0.254s] Level 1:colcon.colcon_core.package_discovery:discover_packages(colcon_meta) discover
[0.254s] Level 1:colcon.colcon_core.package_discovery:discover_packages(recursive) discover
[0.254s] INFO:colcon.colcon_core.package_discovery:Crawling recursively for packages in '/home/dragonfly/ros2_ws'
[0.254s] Level 1:colcon.colcon_core.package_identification:_identify(.) by extensions ['ignore', 'ignore_ament_install']
[0.254s] Level 1:colcon.colcon_core.package_identification:_identify(.) by extension 'ignore'
[0.254s] Level 1:colcon.colcon_core.package_identification:_identify(.) by extension 'ignore_ament_install'
[0.254s] Level 1:colcon.colcon_core.package_identification:_identify(.) by extensions ['colcon_pkg']
[0.254s] Level 1:colcon.colcon_core.package_identification:_identify(.) by extension 'colcon_pkg'
[0.254s] Level 1:colcon.colcon_core.package_identification:_identify(.) by extensions ['colcon_meta']
[0.254s] Level 1:colcon.colcon_core.package_identification:_identify(.) by extension 'colcon_meta'
[0.254s] Level 1:colcon.colcon_core.package_identification:_identify(.) by extensions ['ros']
[0.254s] Level 1:colcon.colcon_core.package_identification:_identify(.) by extension 'ros'
[0.262s] Level 1:colcon.colcon_core.package_identification:_identify(.) by extensions ['cmake', 'python']
[0.262s] Level 1:colcon.colcon_core.package_identification:_identify(.) by extension 'cmake'
[0.262s] Level 1:colcon.colcon_core.package_identification:_identify(.) by extension 'python'
[0.262s] Level 1:colcon.colcon_core.package_identification:_identify(.) by extensions ['python_setup_py']
[0.262s] Level 1:colcon.colcon_core.package_identification:_identify(.) by extension 'python_setup_py'
[0.262s] Level 1:colcon.colcon_core.package_identification:_identify(build) by extensions ['ignore', 'ignore_ament_install']
[0.262s] Level 1:colcon.colcon_core.package_identification:_identify(build) by extension 'ignore'
[0.263s] Level 1:colcon.colcon_core.package_identification:_identify(build) ignored
[0.263s] Level 1:colcon.colcon_core.package_identification:_identify(install) by extensions ['ignore', 'ignore_ament_install']
[0.263s] Level 1:colcon.colcon_core.package_identification:_identify(install) by extension 'ignore'
[0.263s] Level 1:colcon.colcon_core.package_identification:_identify(install) ignored
[0.263s] Level 1:colcon.colcon_core.package_identification:_identify(log) by extensions ['ignore', 'ignore_ament_install']
[0.263s] Level 1:colcon.colcon_core.package_identification:_identify(log) by extension 'ignore'
[0.263s] Level 1:colcon.colcon_core.package_identification:_identify(log) ignored
[0.263s] Level 1:colcon.colcon_core.package_identification:_identify(src) by extensions ['ignore', 'ignore_ament_install']
[0.263s] Level 1:colcon.colcon_core.package_identification:_identify(src) by extension 'ignore'
[0.263s] Level 1:colcon.colcon_core.package_identification:_identify(src) by extension 'ignore_ament_install'
[0.263s] Level 1:colcon.colcon_core.package_identification:_identify(src) by extensions ['colcon_pkg']
[0.263s] Level 1:colcon.colcon_core.package_identification:_identify(src) by extension 'colcon_pkg'
[0.263s] Level 1:colcon.colcon_core.package_identification:_identify(src) by extensions ['colcon_meta']
[0.263s] Level 1:colcon.colcon_core.package_identification:_identify(src) by extension 'colcon_meta'
[0.263s] Level 1:colcon.colcon_core.package_identification:_identify(src) by extensions ['ros']
[0.263s] Level 1:colcon.colcon_core.package_identification:_identify(src) by extension 'ros'
[0.263s] Level 1:colcon.colcon_core.package_identification:_identify(src) by extensions ['cmake', 'python']
[0.263s] Level 1:colcon.colcon_core.package_identification:_identify(src) by extension 'cmake'
[0.263s] Level 1:colcon.colcon_core.package_identification:_identify(src) by extension 'python'
[0.263s] Level 1:colcon.colcon_core.package_identification:_identify(src) by extensions ['python_setup_py']
[0.263s] Level 1:colcon.colcon_core.package_identification:_identify(src) by extension 'python_setup_py'
[0.263s] Level 1:colcon.colcon_core.package_identification:_identify(src/talker_listener) by extensions ['ignore', 'ignore_ament_install']
[0.263s] Level 1:colcon.colcon_core.package_identification:_identify(src/talker_listener) by extension 'ignore'
[0.264s] Level 1:colcon.colcon_core.package_identification:_identify(src/talker_listener) by extension 'ignore_ament_install'
[0.264s] Level 1:colcon.colcon_core.package_identification:_identify(src/talker_listener) by extensions ['colcon_pkg']
[0.264s] Level 1:colcon.colcon_core.package_identification:_identify(src/talker_listener) by extension 'colcon_pkg'
[0.264s] Level 1:colcon.colcon_core.package_identification:_identify(src/talker_listener) by extensions ['colcon_meta']
[0.264s] Level 1:colcon.colcon_core.package_identification:_identify(src/talker_listener) by extension 'colcon_meta'
[0.264s] Level 1:colcon.colcon_core.package_identification:_identify(src/talker_listener) by extensions ['ros']
[0.264s] Level 1:colcon.colcon_core.package_identification:_identify(src/talker_listener) by extension 'ros'
[0.265s] DEBUG:colcon.colcon_core.package_identification:Package 'src/talker_listener' with type 'ros.ament_python' and name 'talker_listener'
[0.265s] Level 1:colcon.colcon_core.package_discovery:discover_packages(recursive) using defaults
[0.265s] Level 1:colcon.colcon_core.package_discovery:discover_packages(ignore) discover
[0.265s] Level 1:colcon.colcon_core.package_discovery:discover_packages(ignore) using defaults
[0.265s] Level 1:colcon.colcon_core.package_discovery:discover_packages(path) discover
[0.265s] Level 1:colcon.colcon_core.package_discovery:discover_packages(path) using defaults
[0.282s] Level 1:colcon.colcon_core.package_discovery:discover_packages(prefix_path) check parameters
[0.282s] Level 1:colcon.colcon_core.package_discovery:discover_packages(prefix_path) discover
[0.284s] DEBUG:colcon.colcon_installed_package_information.package_discovery:Found 1 installed packages in /home/dragonfly/ros2_ws/install
[0.285s] DEBUG:colcon.colcon_installed_package_information.package_discovery:Found 270 installed packages in /opt/ros/humble
[0.286s] Level 1:colcon.colcon_core.package_discovery:discover_packages(prefix_path) using defaults
[0.329s] Level 5:colcon.colcon_core.verb:set package 'talker_listener' build argument 'cmake_args' from command line to 'None'
[0.329s] Level 5:colcon.colcon_core.verb:set package 'talker_listener' build argument 'cmake_target' from command line to 'None'
[0.329s] Level 5:colcon.colcon_core.verb:set package 'talker_listener' build argument 'cmake_target_skip_unavailable' from command line to 'False'
[0.329s] Level 5:colcon.colcon_core.verb:set package 'talker_listener' build argument 'cmake_clean_cache' from command line to 'False'
[0.329s] Level 5:colcon.colcon_core.verb:set package 'talker_listener' build argument 'cmake_clean_first' from command line to 'False'
[0.329s] Level 5:colcon.colcon_core.verb:set package 'talker_listener' build argument 'cmake_force_configure' from command line to 'False'
[0.329s] Level 5:colcon.colcon_core.verb:set package 'talker_listener' build argument 'ament_cmake_args' from command line to 'None'
[0.329s] Level 5:colcon.colcon_core.verb:set package 'talker_listener' build argument 'catkin_cmake_args' from command line to 'None'
[0.329s] Level 5:colcon.colcon_core.verb:set package 'talker_listener' build argument 'catkin_skip_building_tests' from command line to 'False'
[0.329s] DEBUG:colcon.colcon_core.verb:Building package 'talker_listener' with the following arguments: {'ament_cmake_args': None, 'build_base': '/home/dragonfly/ros2_ws/build/talker_listener', 'catkin_cmake_args': None, 'catkin_skip_building_tests': False, 'cmake_args': None, 'cmake_clean_cache': False, 'cmake_clean_first': False, 'cmake_force_configure': False, 'cmake_target': None, 'cmake_target_skip_unavailable': False, 'install_base': '/home/dragonfly/ros2_ws/install/talker_listener', 'merge_install': False, 'path': '/home/dragonfly/ros2_ws/src/talker_listener', 'symlink_install': False, 'test_result_base': None}
[0.330s] INFO:colcon.colcon_core.executor:Executing jobs using 'parallel' executor
[0.332s] DEBUG:colcon.colcon_parallel_executor.executor.parallel:run_until_complete
[0.332s] INFO:colcon.colcon_ros.task.ament_python.build:Building ROS package in '/home/dragonfly/ros2_ws/src/talker_listener' with build type 'ament_python'
[0.332s] Level 1:colcon.colcon_core.shell:create_environment_hook('talker_listener', 'ament_prefix_path')
[0.335s] INFO:colcon.colcon_core.plugin_system:Skipping extension 'colcon_core.shell.bat': Not used on non-Windows systems
[0.335s] INFO:colcon.colcon_core.shell:Creating environment hook '/home/dragonfly/ros2_ws/install/talker_listener/share/talker_listener/hook/ament_prefix_path.ps1'
[0.336s] INFO:colcon.colcon_core.shell:Creating environment descriptor '/home/dragonfly/ros2_ws/install/talker_listener/share/talker_listener/hook/ament_prefix_path.dsv'
[0.336s] INFO:colcon.colcon_core.shell:Creating environment hook '/home/dragonfly/ros2_ws/install/talker_listener/share/talker_listener/hook/ament_prefix_path.sh'
[0.337s] INFO:colcon.colcon_core.shell:Skip shell extension 'powershell' for command environment: Not usable outside of PowerShell
[0.337s] DEBUG:colcon.colcon_core.shell:Skip shell extension 'dsv' for command environment
[0.525s] INFO:colcon.colcon_core.task.python.build:Building Python package in '/home/dragonfly/ros2_ws/src/talker_listener'
[0.526s] INFO:colcon.colcon_core.shell:Skip shell extension 'powershell' for command environment: Not usable outside of PowerShell
[0.526s] DEBUG:colcon.colcon_core.shell:Skip shell extension 'dsv' for command environment
[0.759s] DEBUG:colcon.colcon_core.event_handler.log_command:Invoking command in '/home/dragonfly/ros2_ws/src/talker_listener': PYTHONPATH=/home/dragonfly/ros2_ws/build/talker_listener/prefix_override:/home/dragonfly/ros2_ws/install/talker_listener/lib/python3.10/site-packages:${PYTHONPATH} /usr/bin/python3 setup.py egg_info --egg-base ../../build/talker_listener build --build-base /home/dragonfly/ros2_ws/build/talker_listener/build install --record /home/dragonfly/ros2_ws/build/talker_listener/install.log --single-version-externally-managed
[0.968s] DEBUG:colcon.colcon_core.event_handler.log_command:Invoked command in '/home/dragonfly/ros2_ws/src/talker_listener' returned '0': PYTHONPATH=/home/dragonfly/ros2_ws/build/talker_listener/prefix_override:/home/dragonfly/ros2_ws/install/talker_listener/lib/python3.10/site-packages:${PYTHONPATH} /usr/bin/python3 setup.py egg_info --egg-base ../../build/talker_listener build --build-base /home/dragonfly/ros2_ws/build/talker_listener/build install --record /home/dragonfly/ros2_ws/build/talker_listener/install.log --single-version-externally-managed
[0.971s] Level 1:colcon.colcon_core.environment:checking '/home/dragonfly/ros2_ws/install/talker_listener' for CMake module files
[0.972s] Level 1:colcon.colcon_core.environment:checking '/home/dragonfly/ros2_ws/install/talker_listener' for CMake config files
[0.972s] Level 1:colcon.colcon_core.environment:checking '/home/dragonfly/ros2_ws/install/talker_listener/lib'
[0.972s] Level 1:colcon.colcon_core.environment:checking '/home/dragonfly/ros2_ws/install/talker_listener/bin'
[0.972s] Level 1:colcon.colcon_core.environment:checking '/home/dragonfly/ros2_ws/install/talker_listener/lib/pkgconfig/talker_listener.pc'
[0.973s] Level 1:colcon.colcon_core.environment:checking '/home/dragonfly/ros2_ws/install/talker_listener/lib/python3.10/site-packages'
[0.973s] Level 1:colcon.colcon_core.shell:create_environment_hook('talker_listener', 'pythonpath')
[0.973s] INFO:colcon.colcon_core.shell:Creating environment hook '/home/dragonfly/ros2_ws/install/talker_listener/share/talker_listener/hook/pythonpath.ps1'
[0.974s] INFO:colcon.colcon_core.shell:Creating environment descriptor '/home/dragonfly/ros2_ws/install/talker_listener/share/talker_listener/hook/pythonpath.dsv'
[0.974s] INFO:colcon.colcon_core.shell:Creating environment hook '/home/dragonfly/ros2_ws/install/talker_listener/share/talker_listener/hook/pythonpath.sh'
[0.974s] Level 1:colcon.colcon_core.environment:checking '/home/dragonfly/ros2_ws/install/talker_listener/bin'
[0.974s] Level 1:colcon.colcon_core.environment:create_environment_scripts_only(talker_listener)
[0.975s] INFO:colcon.colcon_core.shell:Creating package script '/home/dragonfly/ros2_ws/install/talker_listener/share/talker_listener/package.ps1'
[0.976s] INFO:colcon.colcon_core.shell:Creating package descriptor '/home/dragonfly/ros2_ws/install/talker_listener/share/talker_listener/package.dsv'
[0.976s] INFO:colcon.colcon_core.shell:Creating package script '/home/dragonfly/ros2_ws/install/talker_listener/share/talker_listener/package.sh'
[0.977s] INFO:colcon.colcon_core.shell:Creating package script '/home/dragonfly/ros2_ws/install/talker_listener/share/talker_listener/package.bash'
[0.977s] INFO:colcon.colcon_core.shell:Creating package script '/home/dragonfly/ros2_ws/install/talker_listener/share/talker_listener/package.zsh'
[0.978s] Level 1:colcon.colcon_core.environment:create_file_with_runtime_dependencies(/home/dragonfly/ros2_ws/install/talker_listener/share/colcon-core/packages/talker_listener)
[0.978s] DEBUG:colcon.colcon_parallel_executor.executor.parallel:closing loop
[0.978s] DEBUG:colcon.colcon_parallel_executor.executor.parallel:loop closed
[0.978s] DEBUG:colcon.colcon_parallel_executor.executor.parallel:run_until_complete finished with '0'
[0.978s] DEBUG:colcon.colcon_core.event_reactor:joining thread
[0.982s] INFO:colcon.colcon_core.plugin_system:Skipping extension 'colcon_notification.desktop_notification.terminal_notifier': Not used on non-Darwin systems
[0.982s] INFO:colcon.colcon_core.plugin_system:Skipping extension 'colcon_notification.desktop_notification.win32': Not used on non-Windows systems
[0.982s] INFO:colcon.colcon_notification.desktop_notification:Sending desktop notification using 'notify2'
[0.990s] DEBUG:colcon.colcon_core.event_reactor:joined thread
[0.991s] INFO:colcon.colcon_core.shell:Creating prefix script '/home/dragonfly/ros2_ws/install/local_setup.ps1'
[0.991s] INFO:colcon.colcon_core.shell:Creating prefix util module '/home/dragonfly/ros2_ws/install/_local_setup_util_ps1.py'
[0.992s] INFO:colcon.colcon_core.shell:Creating prefix chain script '/home/dragonfly/ros2_ws/install/setup.ps1'
[0.993s] INFO:colcon.colcon_core.shell:Creating prefix script '/home/dragonfly/ros2_ws/install/local_setup.sh'
[0.994s] INFO:colcon.colcon_core.shell:Creating prefix util module '/home/dragonfly/ros2_ws/install/_local_setup_util_sh.py'
[0.994s] INFO:colcon.colcon_core.shell:Creating prefix chain script '/home/dragonfly/ros2_ws/install/setup.sh'
[0.995s] INFO:colcon.colcon_core.shell:Creating prefix script '/home/dragonfly/ros2_ws/install/local_setup.bash'
[0.995s] INFO:colcon.colcon_core.shell:Creating prefix chain script '/home/dragonfly/ros2_ws/install/setup.bash'
[0.996s] INFO:colcon.colcon_core.shell:Creating prefix script '/home/dragonfly/ros2_ws/install/local_setup.zsh'
[0.997s] INFO:colcon.colcon_core.shell:Creating prefix chain script '/home/dragonfly/ros2_ws/install/setup.zsh'
